<?xml version="1.0" encoding="UTF-8"?>
<!-- Generated by org.testng.reporters.JUnitReportReporter -->
<testsuite skipped="0" hostname="NBDM11C-096" name="com.crm.qa.testcases.HomePageTest" tests="1" failures="0" timestamp="2022-11-09T13:17:14 GMT" time="13.441" errors="0">
  <testcase name="verifyHomePageTest" time="13.441" classname="com.crm.qa.testcases.HomePageTest"/>
  <system-out/>
</testsuite> <!-- com.crm.qa.testcases.HomePageTest -->
